# JRE version: OpenJDK Runtime Environment (21.0.8+9) (build 21.0.8+9-Ubuntu-0ubuntu124.04.1)
# Java VM: OpenJDK 64-Bit Server VM (21.0.8+9-Ubuntu-0ubuntu124.04.1, mixed mode, sharing, tiered, compressed oops, compressed class ptrs, g1 gc, linux-amd64)
GC Precious Log:
 CardTable entry size: 512
 Card Set container configuration: InlinePtr #cards 5 size 8 Array Of Cards #cards 12 size 40 Howl #buckets 4 coarsen threshold 1843 Howl Bitmap #cards 512 size 80 coarsen threshold 460 Card regions per heap region 1 cards per card region 2048
 CPUs: 12 total, 12 available
 Memory: 7903M
 Large Page Support: Disabled
 NUMA Support: Disabled
 Compressed Oops: Enabled (32-bit)
 Heap Region Size: 1M
 Heap Min Capacity: 8M
 Heap Initial Capacity: 124M
 Heap Max Capacity: 1976M
 Pre-touch: Disabled
 Parallel Workers: 10
 Concurrent Workers: 3
 Concurrent Refinement Workers: 10
 Periodic GC: Disabled
Heap:
 garbage-first heap   total 110592K, used 41813K [0x0000000084800000, 0x0000000100000000)
  region size 1024K, 10 young (10240K), 3 survivors (3072K)
 Metaspace       used 82912K, committed 83776K, reserved 1179648K
  class space    used 11208K, committed 11584K, reserved 1048576K
GC Heap History (20 events):
Event: 19.427 GC heap before
{Heap before GC invocations=15 (full 0):
 garbage-first heap   total 82944K, used 68788K [0x0000000084800000, 0x0000000100000000)
  region size 1024K, 36 young (36864K), 4 survivors (4096K)
 Metaspace       used 66278K, committed 66944K, reserved 1114112K
  class space    used 9263K, committed 9600K, reserved 1048576K
}
Event: 19.430 GC heap after
{Heap after GC invocations=16 (full 0):
 garbage-first heap   total 82944K, used 39992K [0x0000000084800000, 0x0000000100000000)
  region size 1024K, 5 young (5120K), 5 survivors (5120K)
 Metaspace       used 66278K, committed 66944K, reserved 1114112K
  class space    used 9263K, committed 9600K, reserved 1048576K
}
Event: 19.470 GC heap before
{Heap before GC invocations=17 (full 0):
 garbage-first heap   total 82944K, used 69688K [0x0000000084800000, 0x0000000100000000)
  region size 1024K, 34 young (34816K), 5 survivors (5120K)
 Metaspace       used 66277K, committed 66944K, reserved 1114112K
  class space    used 9263K, committed 9600K, reserved 1048576K
}
Event: 19.471 GC heap after
{Heap after GC invocations=18 (full 0):
 garbage-first heap   total 82944K, used 36319K [0x0000000084800000, 0x0000000100000000)
  region size 1024K, 1 young (1024K), 1 survivors (1024K)
 Metaspace       used 66277K, committed 66944K, reserved 1114112K
  class space    used 9263K, committed 9600K, reserved 1048576K
}
Event: 21.678 GC heap before
{Heap before GC invocations=18 (full 0):
 garbage-first heap   total 82944K, used 72159K [0x0000000084800000, 0x0000000100000000)
  region size 1024K, 36 young (36864K), 1 survivors (1024K)
 Metaspace       used 71947K, committed 72640K, reserved 1114112K
  class space    used 10087K, committed 10432K, reserved 1048576K
}
Event: 21.681 GC heap after
{Heap after GC invocations=19 (full 0):
 garbage-first heap   total 82944K, used 39025K [0x0000000084800000, 0x0000000100000000)
  region size 1024K, 4 young (4096K), 4 survivors (4096K)
 Metaspace       used 71947K, committed 72640K, reserved 1114112K
  class space    used 10087K, committed 10432K, reserved 1048576K
}
Event: 114.427 GC heap before
{Heap before GC invocations=19 (full 0):
 garbage-first heap   total 82944K, used 70769K [0x0000000084800000, 0x0000000100000000)
  region size 1024K, 36 young (36864K), 4 survivors (4096K)
 Metaspace       used 79016K, committed 79808K, reserved 1179648K
  class space    used 11049K, committed 11392K, reserved 1048576K
}
Event: 114.430 GC heap after
{Heap after GC invocations=20 (full 0):
 garbage-first heap   total 82944K, used 40855K [0x0000000084800000, 0x0000000100000000)
  region size 1024K, 3 young (3072K), 3 survivors (3072K)
 Metaspace       used 79016K, committed 79808K, reserved 1179648K
  class space    used 11049K, committed 11392K, reserved 1048576K
}
Event: 209.006 GC heap before
{Heap before GC invocations=21 (full 0):
 garbage-first heap   total 82944K, used 44951K [0x0000000084800000, 0x0000000100000000)
  region size 1024K, 9 young (9216K), 3 survivors (3072K)
 Metaspace       used 79214K, committed 80000K, reserved 1179648K
  class space    used 11071K, committed 11456K, reserved 1048576K
}
Event: 209.038 GC heap after
{Heap after GC invocations=22 (full 1):
 garbage-first heap   total 82944K, used 30387K [0x0000000084800000, 0x0000000100000000)
  region size 1024K, 0 young (0K), 0 survivors (0K)
 Metaspace       used 79214K, committed 80000K, reserved 1179648K
  class space    used 11071K, committed 11456K, reserved 1048576K
}
Event: 212.861 GC heap before
{Heap before GC invocations=22 (full 1):
 garbage-first heap   total 82944K, used 70323K [0x0000000084800000, 0x0000000100000000)
  region size 1024K, 39 young (39936K), 0 survivors (0K)
 Metaspace       used 79820K, committed 80640K, reserved 1179648K
  class space    used 11085K, committed 11456K, reserved 1048576K
}
Event: 212.864 GC heap after
{Heap after GC invocations=23 (full 1):
 garbage-first heap   total 82944K, used 34554K [0x0000000084800000, 0x0000000100000000)
  region size 1024K, 5 young (5120K), 5 survivors (5120K)
 Metaspace       used 79820K, committed 80640K, reserved 1179648K
  class space    used 11085K, committed 11456K, reserved 1048576K
}
Event: 218.926 GC heap before
{Heap before GC invocations=24 (full 1):
 garbage-first heap   total 82944K, used 69370K [0x0000000084800000, 0x0000000100000000)
  region size 1024K, 39 young (39936K), 5 survivors (5120K)
 Metaspace       used 80832K, committed 81664K, reserved 1179648K
  class space    used 11134K, committed 11520K, reserved 1048576K
}
Event: 218.929 GC heap after
{Heap after GC invocations=25 (full 1):
 garbage-first heap   total 82944K, used 36203K [0x0000000084800000, 0x0000000100000000)
  region size 1024K, 3 young (3072K), 3 survivors (3072K)
 Metaspace       used 80832K, committed 81664K, reserved 1179648K
  class space    used 11134K, committed 11520K, reserved 1048576K
}
Event: 704.741 GC heap before
{Heap before GC invocations=25 (full 1):
 garbage-first heap   total 82944K, used 48491K [0x0000000084800000, 0x0000000100000000)
  region size 1024K, 16 young (16384K), 3 survivors (3072K)
 Metaspace       used 81422K, committed 82240K, reserved 1179648K
  class space    used 11143K, committed 11520K, reserved 1048576K
}
Event: 704.778 GC heap after
{Heap after GC invocations=26 (full 2):
 garbage-first heap   total 82944K, used 30963K [0x0000000084800000, 0x0000000100000000)
  region size 1024K, 0 young (0K), 0 survivors (0K)
 Metaspace       used 81400K, committed 82240K, reserved 1179648K
  class space    used 11141K, committed 11520K, reserved 1048576K
}
Event: 708.378 GC heap before
{Heap before GC invocations=26 (full 2):
 garbage-first heap   total 82944K, used 68851K [0x0000000084800000, 0x0000000100000000)
  region size 1024K, 38 young (38912K), 0 survivors (0K)
 Metaspace       used 81811K, committed 82624K, reserved 1179648K
  class space    used 11156K, committed 11520K, reserved 1048576K
}
Event: 708.381 GC heap after
{Heap after GC invocations=27 (full 2):
 garbage-first heap   total 82944K, used 35424K [0x0000000084800000, 0x0000000100000000)
  region size 1024K, 5 young (5120K), 5 survivors (5120K)
 Metaspace       used 81811K, committed 82624K, reserved 1179648K
  class space    used 11156K, committed 11520K, reserved 1048576K
}
Event: 709.595 GC heap before
{Heap before GC invocations=28 (full 2):
 garbage-first heap   total 82944K, used 70240K [0x0000000084800000, 0x0000000100000000)
  region size 1024K, 39 young (39936K), 5 survivors (5120K)
 Metaspace       used 82675K, committed 83520K, reserved 1179648K
  class space    used 11208K, committed 11584K, reserved 1048576K
}
Event: 709.598 GC heap after
{Heap after GC invocations=29 (full 2):
 garbage-first heap   total 110592K, used 36693K [0x0000000084800000, 0x0000000100000000)
  region size 1024K, 3 young (3072K), 3 survivors (3072K)
 Metaspace       used 82675K, committed 83520K, reserved 1179648K
  class space    used 11208K, committed 11584K, reserved 1048576K
}

